#
# There is insufficient memory for the Java Runtime Environment to continue.
# Native memory allocation (malloc) failed to allocate 1048576 bytes for AllocateHeap
# Possible reasons:
#   The system is out of physical RAM or swap space
#   In 32 bit mode, the process size limit was hit
# Possible solutions:
#   Reduce memory load on the system
#   Increase physical memory or swap space
#   Check if swap backing store is full
#   Use 64 bit Java on a 64 bit OS
#   Decrease Java heap size (-Xmx/-Xms)
#   Decrease number of Java threads
#   Decrease Java thread stack sizes (-Xss)
#   Set larger code cache with -XX:ReservedCodeCacheSize=
# This output file may be truncated or incomplete.
#
#  Out of Memory Error (memory/allocation.inline.hpp:61), pid=16848, tid=0x000000000000379c
#
# JRE version:  (8.0_131-b11) (build )
# Java VM: Java HotSpot(TM) 64-Bit Server VM (25.131-b11 mixed mode windows-amd64 compressed oops)
# Failed to write core dump. Minidumps are not enabled by default on client versions of Windows
#

---------------  T H R E A D  ---------------

Current thread (0x00000000027f0800):  JavaThread "Unknown thread" [_thread_in_vm, id=14236, stack(0x0000000002340000,0x0000000002440000)]

Stack: [0x0000000002340000,0x0000000002440000]
[error occurred during error reporting (printing stack bounds), id 0xc0000005]

Native frames: (J=compiled Java code, j=interpreted, Vv=VM code, C=native code)


---------------  P R O C E S S  ---------------

Java Threads: ( => current thread )

Other Threads:

=>0x00000000027f0800 (exited) JavaThread "Unknown thread" [_thread_in_vm, id=14236, stack(0x0000000002340000,0x0000000002440000)]

VM state:not at safepoint (normal execution)

VM Mutex/Monitor currently owned by a thread: None

Heap:
 PSYoungGen      total 33280K, used 573K [0x00000000db300000, 0x00000000dd800000, 0x0000000100000000)
  eden space 28672K, 2% used [0x00000000db300000,0x00000000db38f5d0,0x00000000dcf00000)
  from space 4608K, 0% used [0x00000000dd380000,0x00000000dd380000,0x00000000dd800000)
  to   space 4608K, 0% used [0x00000000dcf00000,0x00000000dcf00000,0x00000000dd380000)
 ParOldGen       total 76800K, used 0K [0x0000000091800000, 0x0000000096300000, 0x00000000db300000)
  object space 76800K, 0% used [0x0000000091800000,0x0000000091800000,0x0000000096300000)
 Metaspace       used 746K, capacity 4480K, committed 4480K, reserved 1056768K
  class space    used 75K, capacity 384K, committed 384K, reserved 1048576K

Card table byte_map: [0x0000000011cb0000,0x0000000012030000] byte_map_base: 0x0000000011824000

Marking Bits: (ParMarkBitMap*) 0x000000007264c720
 Begin Bits: [0x0000000012a80000, 0x0000000014620000)
 End Bits:   [0x0000000014620000, 0x00000000161c0000)

Polling page: 0x0000000000510000

CodeCache: size=245760Kb used=327Kb max_used=327Kb free=245432Kb
 bounds [0x00000000028f0000, 0x0000000002b60000, 0x00000000118f0000]
 total_blobs=57 nmethods=0 adapters=38
 compilation: enabled

Compilation events (0 events):
No events

GC Heap History (0 events):
No events

Deoptimization events (0 events):
No events

Internal exceptions (0 events):
No events

Events (10 events):
Event: 0.034 loading class java/lang/Short
Event: 0.034 loading class java/lang/Short done
Event: 0.034 loading class java/lang/Integer
Event: 0.034 loading class java/lang/Integer done
Event: 0.034 loading class java/lang/Long
Event: 0.034 loading class java/lang/Long done
Event: 0.035 loading class java/lang/NullPointerException
Event: 0.035 loading class java/lang/NullPointerException done
Event: 0.035 loading class java/lang/ArithmeticException
Event: 0.035 loading class java/lang/ArithmeticException done


Dynamic libraries:
0x00007ff676bc0000 - 0x00007ff676bf7000 	D:\jre\bin\javaw.exe
0x00007ff8b4270000 - 0x00007ff8b4451000 	C:\Windows\SYSTEM32\ntdll.dll
0x00007ff8b20e0000 - 0x00007ff8b2191000 	C:\Windows\System32\KERNEL32.DLL
0x00007ff8b0e50000 - 0x00007ff8b10c3000 	C:\Windows\System32\KERNELBASE.dll
0x00007ff8b4170000 - 0x00007ff8b4211000 	C:\Windows\System32\ADVAPI32.dll
0x00007ff8b3e30000 - 0x00007ff8b3ece000 	C:\Windows\System32\msvcrt.dll
0x00007ff8b2610000 - 0x00007ff8b266b000 	C:\Windows\System32\sechost.dll
0x00007ff8b1d10000 - 0x00007ff8b1e34000 	C:\Windows\System32\RPCRT4.dll
0x00007ff8b3fe0000 - 0x00007ff8b4170000 	C:\Windows\System32\USER32.dll
0x00007ff8b0db0000 - 0x00007ff8b0dd0000 	C:\Windows\System32\win32u.dll
0x00007ff8b1fa0000 - 0x00007ff8b1fc8000 	C:\Windows\System32\GDI32.dll
0x00007ff8b1280000 - 0x00007ff8b1412000 	C:\Windows\System32\gdi32full.dll
0x00007ff8b1660000 - 0x00007ff8b16ff000 	C:\Windows\System32\msvcp_win.dll
0x00007ff8b10d0000 - 0x00007ff8b11c8000 	C:\Windows\System32\ucrtbase.dll
0x00007ff89c110000 - 0x00007ff89c379000 	C:\Windows\WinSxS\amd64_microsoft.windows.common-controls_6595b64144ccf1df_6.0.17134.706_none_fb43a2cb30647007\COMCTL32.dll
0x00007ff8b17d0000 - 0x00007ff8b1af2000 	C:\Windows\System32\combase.dll
0x00007ff8b0dd0000 - 0x00007ff8b0e4a000 	C:\Windows\System32\bcryptPrimitives.dll
0x00007ff8b3f50000 - 0x00007ff8b3f7d000 	C:\Windows\System32\IMM32.DLL
0x0000000070750000 - 0x0000000070822000 	D:\jre\bin\msvcr100.dll
0x0000000071e30000 - 0x00000000726cc000 	D:\jre\bin\server\jvm.dll
0x00007ff8b1d00000 - 0x00007ff8b1d08000 	C:\Windows\System32\PSAPI.DLL
0x00007ff89a210000 - 0x00007ff89a219000 	C:\Windows\SYSTEM32\WSOCK32.dll
0x00007ff8ae2d0000 - 0x00007ff8ae2f3000 	C:\Windows\SYSTEM32\WINMM.dll
0x00007ff8aa740000 - 0x00007ff8aa74a000 	C:\Windows\SYSTEM32\VERSION.dll
0x00007ff8b2070000 - 0x00007ff8b20dc000 	C:\Windows\System32\WS2_32.dll
0x00007ff8ae100000 - 0x00007ff8ae12a000 	C:\Windows\SYSTEM32\WINMMBASE.dll
0x00007ff8b1610000 - 0x00007ff8b1659000 	C:\Windows\System32\cfgmgr32.dll
0x0000000071d40000 - 0x0000000071d4f000 	D:\jre\bin\verify.dll
0x0000000071d10000 - 0x0000000071d39000 	D:\jre\bin\java.dll
0x0000000071cf0000 - 0x0000000071d06000 	D:\jre\bin\zip.dll

VM Arguments:
jvm_args: -Dfile.encoding=GBK 
java_command: com.GO
java_class_path (initial): D:\ecslipSpace\狗屎订单系统\bin
Launcher Type: SUN_STANDARD

Environment Variables:
JAVA_HOME=C:\Program Files\Java\jdk1.8.0_131\
CLASSPATH=.;C:\Program Files\Java\jdk1.8.0_131\\lib;C:\Program Files\Java\jdk1.8.0_131\\lib\tools.jar
PATH=D:/JRE/bin/server;D:/JRE/bin;D:/JRE/lib/amd64;C:\ProgramData\Oracle\Java\javapath;C:\Windows\system32;C:\Windows;C:\Windows\System32\Wbem;C:\Windows\System32\WindowsPowerShell\v1.0\;C:\Windows\System32\OpenSSH\;C:\Program Files\Intel\WiFi\bin\;C:\Program Files\Common Files\Intel\WirelessCommon\;C:\Program Files\Git\cmd;"C:\Program Files\Java\jdk1.8.0_131\\bin;C:\Program Files\Java\jdk1.8.0_131\\jre\bin";C:\Program Files (x86)\MySQL\MySQL Server 5.5\bin;D:\MySQL\bin;C:\Users\yanru\AppData\Local\Microsoft\WindowsApps;D:\Bandizip解压软件\;D:\eclipse-jee-oxygen-R-win32-x86_64\eclipse;
USERNAME=yanru
OS=Windows_NT
PROCESSOR_IDENTIFIER=AMD64 Family 23 Model 17 Stepping 0, AuthenticAMD



---------------  S Y S T E M  ---------------

OS: Windows 10.0 , 64 bit Build 17134 (10.0.17134.706)

CPU:total 8 (initial active 8) (8 cores per cpu, 1 threads per core) family 23 model 17 stepping 0, cmov, cx8, fxsr, mmx, sse, sse2, sse3, ssse3, sse4.1, sse4.2, popcnt, avx, avx2, aes, clmul, mmxext, 3dnowpref, lzcnt, sse4a, tsc, tscinvbit, tscinv, bmi1

Memory: 4k page, physical 7239248k(3207764k free), swap 17725004k(5620k free)

vm_info: Java HotSpot(TM) 64-Bit Server VM (25.131-b11) for windows-amd64 JRE (1.8.0_131-b11), built on Mar 15 2017 01:23:53 by "java_re" with MS VC++ 10.0 (VS2010)

time: Tue May 07 20:49:25 2019
elapsed time: 0 seconds (0d 0h 0m 0s)

